2019-07-01 09:34:16.448  INFO 19240 --- [restartedMain] com.example.demo.DemoApplication         : Starting DemoApplication on DESKTOP-KS4ERSH with PID 19240 (D:\demo\bin\main started by iiken in D:\demo)
2019-07-01 09:34:16.449  INFO 19240 --- [restartedMain] com.example.demo.DemoApplication         : No active profile set, falling back to default profiles: default
2019-07-01 09:34:16.654  INFO 19240 --- [restartedMain] .s.d.r.c.RepositoryConfigurationDelegate : Bootstrapping Spring Data repositories in DEFAULT mode.
2019-07-01 09:34:16.668  INFO 19240 --- [restartedMain] .s.d.r.c.RepositoryConfigurationDelegate : Finished Spring Data repository scanning in 13ms. Found 1 repository interfaces.
2019-07-01 09:34:16.724  INFO 19240 --- [restartedMain] trationDelegate$BeanPostProcessorChecker : Bean 'org.springframework.transaction.annotation.ProxyTransactionManagementConfiguration' of type [org.springframework.transaction.annotation.ProxyTransactionManagementConfiguration$$EnhancerBySpringCGLIB$$d5ca6ce] is not eligible for getting processed by all BeanPostProcessors (for example: not eligible for auto-proxying)
2019-07-01 09:34:16.952  INFO 19240 --- [restartedMain] o.s.b.w.embedded.tomcat.TomcatWebServer  : Tomcat initialized with port(s): 8081 (http)
2019-07-01 09:34:16.956  INFO 19240 --- [restartedMain] o.apache.catalina.core.StandardService   : Starting service [Tomcat]
2019-07-01 09:34:16.956  INFO 19240 --- [restartedMain] org.apache.catalina.core.StandardEngine  : Starting Servlet engine: [Apache Tomcat/9.0.19]
2019-07-01 09:34:17.030  INFO 19240 --- [restartedMain] o.a.c.c.C.[Tomcat-2].[localhost].[/]     : Initializing Spring embedded WebApplicationContext
2019-07-01 09:34:17.031  INFO 19240 --- [restartedMain] o.s.web.context.ContextLoader            : Root WebApplicationContext: initialization completed in 580 ms
2019-07-01 09:34:17.536  INFO 19240 --- [restartedMain] com.zaxxer.hikari.HikariDataSource       : HikariPool-9 - Starting...
2019-07-01 09:34:18.176  INFO 19240 --- [restartedMain] com.zaxxer.hikari.HikariDataSource       : HikariPool-9 - Start completed.
2019-07-01 09:34:18.187  INFO 19240 --- [restartedMain] o.hibernate.jpa.internal.util.LogHelper  : HHH000204: Processing PersistenceUnitInfo [
	name: default
	...]
2019-07-01 09:34:18.246  INFO 19240 --- [restartedMain] org.hibernate.dialect.Dialect            : HHH000400: Using dialect: org.hibernate.dialect.H2Dialect
2019-07-01 09:34:18.383  INFO 19240 --- [restartedMain] j.LocalContainerEntityManagerFactoryBean : Initialized JPA EntityManagerFactory for persistence unit 'default'
2019-07-01 09:34:18.408  INFO 19240 --- [restartedMain] o.s.b.d.a.OptionalLiveReloadServer       : LiveReload server is running on port 35729
2019-07-01 09:34:18.733  INFO 19240 --- [restartedMain] o.s.s.concurrent.ThreadPoolTaskExecutor  : Initializing ExecutorService 'applicationTaskExecutor'
2019-07-01 09:34:18.743  WARN 19240 --- [restartedMain] aWebConfiguration$JpaWebMvcConfiguration : spring.jpa.open-in-view is enabled by default. Therefore, database queries may be performed during view rendering. Explicitly configure spring.jpa.open-in-view to disable this warning
2019-07-01 09:34:18.891  INFO 19240 --- [restartedMain] o.s.b.w.embedded.tomcat.TomcatWebServer  : Tomcat started on port(s): 8081 (http) with context path ''
2019-07-01 09:34:18.892  INFO 19240 --- [restartedMain] com.example.demo.DemoApplication         : Started DemoApplication in 2.503 seconds (JVM running for 2054.207)
2019-07-01 09:34:18.896  INFO 19240 --- [restartedMain] .ConditionEvaluationDeltaLoggingListener : Condition evaluation unchanged
2019-07-01 09:34:48.669  INFO 19240 --- [Thread-49] o.s.s.concurrent.ThreadPoolTaskExecutor  : Shutting down ExecutorService 'applicationTaskExecutor'
2019-07-01 09:34:48.673  INFO 19240 --- [Thread-49] j.LocalContainerEntityManagerFactoryBean : Closing JPA EntityManagerFactory for persistence unit 'default'
2019-07-01 09:34:48.676  INFO 19240 --- [Thread-49] com.zaxxer.hikari.HikariDataSource       : HikariPool-9 - Shutdown initiated...
2019-07-01 09:34:48.901  INFO 19240 --- [Thread-49] com.zaxxer.hikari.HikariDataSource       : HikariPool-9 - Shutdown completed.
